

Microchip Technology PIC LITE Macro Assembler V2.00 build -1524193055 
                                                                                               Sun Jul 22 23:18:47 2018

Microchip Technology Omniscient Code Generator v2.00 (Free mode) build 20180527130849
     1                           	processor	16F1823
     2                           	opt	pw 120
     3                           	opt	lm
     4                           	psect	cinit,global,class=CODE,merge=1,delta=2
     5                           	psect	cstackCOMMON,global,class=COMMON,space=1,delta=1
     6                           	psect	maintext,global,class=CODE,merge=1,split=1,delta=2
     7                           	dabs	1,0x7E,2
     8  0000                     
     9                           ; Version 2.00
    10                           ; Generated 27/05/2018 GMT
    11                           ; 
    12                           ; Copyright © 2018, Microchip Technology Inc. and its subsidiaries ("Microchip")
    13                           ; All rights reserved.
    14                           ; 
    15                           ; This software is developed by Microchip Technology Inc. and its subsidiaries ("Microch
      +                          ip").
    16                           ; 
    17                           ; Redistribution and use in source and binary forms, with or without modification, are
    18                           ; permitted provided that the following conditions are met:
    19                           ; 
    20                           ;     1. Redistributions of source code must retain the above copyright notice, this lis
      +                          t of
    21                           ;        conditions and the following disclaimer.
    22                           ; 
    23                           ;     2. Redistributions in binary form must reproduce the above copyright notice, this 
      +                          list
    24                           ;        of conditions and the following disclaimer in the documentation and/or other
    25                           ;        materials provided with the distribution.
    26                           ; 
    27                           ;     3. Microchip's name may not be used to endorse or promote products derived from th
      +                          is
    28                           ;        software without specific prior written permission.
    29                           ; 
    30                           ; THIS SOFTWARE IS PROVIDED BY MICROCHIP "AS IS" AND ANY EXPRESS OR IMPLIED WARRANTIES,
    31                           ; INCLUDING, BUT NOT LIMITED TO, THE IMPLIED WARRANTIES OF MERCHANTABILITY AND FITNESS F
      +                          OR
    32                           ; PURPOSE ARE DISCLAIMED.  IN NO EVENT SHALL MICROCHIP BE LIABLE FOR ANY DIRECT, INDIREC
      +                          T,
    33                           ; INCIDENTAL, SPECIAL, EXEMPLARY, OR CONSEQUENTIAL DAMAGES (INCLUDING BUT NOT LIMITED TO
    34                           ; PROCUREMENT OF SUBSTITUTE GOODS OR SERVICES; LOSS OF USE, DATA OR PROFITS; OR BUSINESS
    35                           ; INTERRUPTION) HOWSOEVER CAUSED AND ON ANY THEORY OF LIABILITY, WHETHER IN CONTRACT, ST
      +                          RICT
    36                           ; LIABILITY, OR TORT (INCLUDING NEGLIGENCE OR OTHERWISE) ARISING IN ANY WAY OUT OF THE U
      +                          SE OF
    37                           ; THIS SOFTWARE, EVEN IF ADVISED OF THE POSSIBILITY OF SUCH DAMAGE.
    38                           ; 
    39                           ; 
    40                           ; Code-generator required, PIC16F1823 Definitions
    41                           ; 
    42                           ; SFR Addresses
    43  0000                     	;# 
    44  0001                     	;# 
    45  0002                     	;# 
    46  0003                     	;# 
    47  0004                     	;# 
    48  0005                     	;# 
    49  0006                     	;# 
    50  0007                     	;# 
    51  0008                     	;# 
    52  0009                     	;# 
    53  000A                     	;# 
    54  000B                     	;# 
    55  000C                     	;# 
    56  000E                     	;# 
    57  0011                     	;# 
    58  0012                     	;# 
    59  0015                     	;# 
    60  0016                     	;# 
    61  0016                     	;# 
    62  0017                     	;# 
    63  0018                     	;# 
    64  0019                     	;# 
    65  001A                     	;# 
    66  001B                     	;# 
    67  001C                     	;# 
    68  001E                     	;# 
    69  001F                     	;# 
    70  008C                     	;# 
    71  008E                     	;# 
    72  0091                     	;# 
    73  0092                     	;# 
    74  0095                     	;# 
    75  0096                     	;# 
    76  0097                     	;# 
    77  0098                     	;# 
    78  0099                     	;# 
    79  009A                     	;# 
    80  009B                     	;# 
    81  009B                     	;# 
    82  009C                     	;# 
    83  009D                     	;# 
    84  009E                     	;# 
    85  010C                     	;# 
    86  010E                     	;# 
    87  0111                     	;# 
    88  0112                     	;# 
    89  0113                     	;# 
    90  0114                     	;# 
    91  0115                     	;# 
    92  0116                     	;# 
    93  0117                     	;# 
    94  0118                     	;# 
    95  0119                     	;# 
    96  011A                     	;# 
    97  011B                     	;# 
    98  011D                     	;# 
    99  011D                     	;# 
   100  018C                     	;# 
   101  018E                     	;# 
   102  0191                     	;# 
   103  0191                     	;# 
   104  0192                     	;# 
   105  0193                     	;# 
   106  0193                     	;# 
   107  0193                     	;# 
   108  0194                     	;# 
   109  0195                     	;# 
   110  0196                     	;# 
   111  0199                     	;# 
   112  019A                     	;# 
   113  019B                     	;# 
   114  019B                     	;# 
   115  019B                     	;# 
   116  019B                     	;# 
   117  019C                     	;# 
   118  019C                     	;# 
   119  019D                     	;# 
   120  019E                     	;# 
   121  019F                     	;# 
   122  020C                     	;# 
   123  020E                     	;# 
   124  0211                     	;# 
   125  0211                     	;# 
   126  0212                     	;# 
   127  0212                     	;# 
   128  0213                     	;# 
   129  0213                     	;# 
   130  0214                     	;# 
   131  0214                     	;# 
   132  0215                     	;# 
   133  0215                     	;# 
   134  0215                     	;# 
   135  0216                     	;# 
   136  0216                     	;# 
   137  0217                     	;# 
   138  0217                     	;# 
   139  0291                     	;# 
   140  0291                     	;# 
   141  0292                     	;# 
   142  0293                     	;# 
   143  0294                     	;# 
   144  0295                     	;# 
   145  0295                     	;# 
   146  0296                     	;# 
   147  0391                     	;# 
   148  0392                     	;# 
   149  0393                     	;# 
   150  039A                     	;# 
   151  039C                     	;# 
   152  039D                     	;# 
   153  039E                     	;# 
   154  039F                     	;# 
   155  0FE4                     	;# 
   156  0FE5                     	;# 
   157  0FE6                     	;# 
   158  0FE7                     	;# 
   159  0FE8                     	;# 
   160  0FE9                     	;# 
   161  0FEA                     	;# 
   162  0FEB                     	;# 
   163  0FED                     	;# 
   164  0FEE                     	;# 
   165  0FEF                     	;# 
   166  0000                     	;# 
   167  0001                     	;# 
   168  0002                     	;# 
   169  0003                     	;# 
   170  0004                     	;# 
   171  0005                     	;# 
   172  0006                     	;# 
   173  0007                     	;# 
   174  0008                     	;# 
   175  0009                     	;# 
   176  000A                     	;# 
   177  000B                     	;# 
   178  000C                     	;# 
   179  000E                     	;# 
   180  0011                     	;# 
   181  0012                     	;# 
   182  0015                     	;# 
   183  0016                     	;# 
   184  0016                     	;# 
   185  0017                     	;# 
   186  0018                     	;# 
   187  0019                     	;# 
   188  001A                     	;# 
   189  001B                     	;# 
   190  001C                     	;# 
   191  001E                     	;# 
   192  001F                     	;# 
   193  008C                     	;# 
   194  008E                     	;# 
   195  0091                     	;# 
   196  0092                     	;# 
   197  0095                     	;# 
   198  0096                     	;# 
   199  0097                     	;# 
   200  0098                     	;# 
   201  0099                     	;# 
   202  009A                     	;# 
   203  009B                     	;# 
   204  009B                     	;# 
   205  009C                     	;# 
   206  009D                     	;# 
   207  009E                     	;# 
   208  010C                     	;# 
   209  010E                     	;# 
   210  0111                     	;# 
   211  0112                     	;# 
   212  0113                     	;# 
   213  0114                     	;# 
   214  0115                     	;# 
   215  0116                     	;# 
   216  0117                     	;# 
   217  0118                     	;# 
   218  0119                     	;# 
   219  011A                     	;# 
   220  011B                     	;# 
   221  011D                     	;# 
   222  011D                     	;# 
   223  018C                     	;# 
   224  018E                     	;# 
   225  0191                     	;# 
   226  0191                     	;# 
   227  0192                     	;# 
   228  0193                     	;# 
   229  0193                     	;# 
   230  0193                     	;# 
   231  0194                     	;# 
   232  0195                     	;# 
   233  0196                     	;# 
   234  0199                     	;# 
   235  019A                     	;# 
   236  019B                     	;# 
   237  019B                     	;# 
   238  019B                     	;# 
   239  019B                     	;# 
   240  019C                     	;# 
   241  019C                     	;# 
   242  019D                     	;# 
   243  019E                     	;# 
   244  019F                     	;# 
   245  020C                     	;# 
   246  020E                     	;# 
   247  0211                     	;# 
   248  0211                     	;# 
   249  0212                     	;# 
   250  0212                     	;# 
   251  0213                     	;# 
   252  0213                     	;# 
   253  0214                     	;# 
   254  0214                     	;# 
   255  0215                     	;# 
   256  0215                     	;# 
   257  0215                     	;# 
   258  0216                     	;# 
   259  0216                     	;# 
   260  0217                     	;# 
   261  0217                     	;# 
   262  0291                     	;# 
   263  0291                     	;# 
   264  0292                     	;# 
   265  0293                     	;# 
   266  0294                     	;# 
   267  0295                     	;# 
   268  0295                     	;# 
   269  0296                     	;# 
   270  0391                     	;# 
   271  0392                     	;# 
   272  0393                     	;# 
   273  039A                     	;# 
   274  039C                     	;# 
   275  039D                     	;# 
   276  039E                     	;# 
   277  039F                     	;# 
   278  0FE4                     	;# 
   279  0FE5                     	;# 
   280  0FE6                     	;# 
   281  0FE7                     	;# 
   282  0FE8                     	;# 
   283  0FE9                     	;# 
   284  0FEA                     	;# 
   285  0FEB                     	;# 
   286  0FED                     	;# 
   287  0FEE                     	;# 
   288  0FEF                     	;# 
   289                           
   290                           ; #config settings
   291  0000                     
   292                           	psect	cinit
   293  07FE                     start_initialization:	
   294  07FE                     __initialization:	
   295  07FE                     end_of_initialization:	
   296                           ;End of C runtime variable initialization code
   297                           
   298  07FE                     __end_of__initialization:	
   299  07FE  0020               	movlb	0
   300  07FF  2FFD               	ljmp	_main	;jump to C main() function
   301                           
   302                           	psect	cstackCOMMON
   303  0000                     __pcstackCOMMON:	
   304  0000                     ?_main:	
   305  0000                     ??_main:	
   306                           ; 1 bytes @ 0x0
   307                           
   308                           
   309                           	psect	maintext
   310  07FD                     __pmaintext:	
   311                           ; 1 bytes @ 0x0
   312 ;;
   313 ;;Main: autosize = 0, tempsize = 0, incstack = 0, save=0
   314 ;;
   315 ;; *************** function _main *****************
   316 ;; Defined at:
   317 ;;		line 38 in file "main.c"
   318 ;; Parameters:    Size  Location     Type
   319 ;;		None
   320 ;; Auto vars:     Size  Location     Type
   321 ;;		None
   322 ;; Return value:  Size  Location     Type
   323 ;;                  1    wreg      void 
   324 ;; Registers used:
   325 ;;		None
   326 ;; Tracked objects:
   327 ;;		On entry : B1F/0
   328 ;;		On exit  : 0/0
   329 ;;		Unchanged: 0/0
   330 ;; Data sizes:     COMMON   BANK0   BANK1
   331 ;;      Params:         0       0       0
   332 ;;      Locals:         0       0       0
   333 ;;      Temps:          0       0       0
   334 ;;      Totals:         0       0       0
   335 ;;Total ram usage:        0 bytes
   336 ;; This function calls:
   337 ;;		Nothing
   338 ;; This function is called by:
   339 ;;		Startup code after reset
   340 ;; This function uses a non-reentrant model
   341 ;;
   342                           
   343                           
   344                           ;psect for function _main
   345  07FD                     _main:	
   346                           
   347                           ;incstack = 0
   348                           ; Regs used in _main: []
   349  07FD  2801               	ljmp	start
   350  07FE                     __end_of_main:	
   351  007E                     btemp	set	126	;btemp
   352  007E                     wtemp0	set	126


Data Sizes:
    Strings     0
    Constant    0
    Data        0
    BSS         0
    Persistent  0
    Stack       0

Auto Spaces:
    Space          Size  Autos    Used
    COMMON           14      0       0
    BANK0            80      0       0
    BANK1            32      0       0

Pointer List with Targets:

    None.

Critical Paths under _main in COMMON

    None.

Critical Paths under _main in BANK0

    None.

Critical Paths under _main in BANK1

    None.

Call Graph Tables:

 ---------------------------------------------------------------------------------
 (Depth) Function   	        Calls       Base Space   Used Autos Params    Refs
 ---------------------------------------------------------------------------------
 (0) _main                                                 0     0      0       0
 ---------------------------------------------------------------------------------
 Estimated maximum stack depth 0
 ---------------------------------------------------------------------------------

 Call Graph Graphs:

 _main (ROOT)

 Address spaces:
Name               Size   Autos  Total    Cost      Usage
BIGRAM              70      0       0       0        0.0%
EEDATA             100      0       0       0        0.0%
NULL                 0      0       0       0        0.0%
CODE                 0      0       0       0        0.0%
BITCOMMON            E      0       0       1        0.0%
BITSFR0              0      0       0       1        0.0%
SFR0                 0      0       0       1        0.0%
COMMON               E      0       0       2        0.0%
BITSFR1              0      0       0       2        0.0%
SFR1                 0      0       0       2        0.0%
BITSFR2              0      0       0       3        0.0%
SFR2                 0      0       0       3        0.0%
STACK                0      0       0       3        0.0%
BITSFR3              0      0       0       4        0.0%
SFR3                 0      0       0       4        0.0%
ABS                  0      0       0       4        0.0%
BITBANK0            50      0       0       5        0.0%
BITSFR4              0      0       0       5        0.0%
SFR4                 0      0       0       5        0.0%
BANK0               50      0       0       6        0.0%
BITSFR5              0      0       0       6        0.0%
SFR5                 0      0       0       6        0.0%
BITBANK1            20      0       0       7        0.0%
BITSFR6              0      0       0       7        0.0%
SFR6                 0      0       0       7        0.0%
BANK1               20      0       0       8        0.0%
BITSFR7              0      0       0       8        0.0%
SFR7                 0      0       0       8        0.0%
BITSFR8              0      0       0       9        0.0%
SFR8                 0      0       0       9        0.0%
DATA                 0      0       0       9        0.0%
BITSFR9              0      0       0      10        0.0%
SFR9                 0      0       0      10        0.0%
BITSFR10             0      0       0      11        0.0%
SFR10                0      0       0      11        0.0%
BITSFR11             0      0       0      12        0.0%
SFR11                0      0       0      12        0.0%
BITSFR12             0      0       0      13        0.0%
SFR12                0      0       0      13        0.0%
BITSFR13             0      0       0      14        0.0%
SFR13                0      0       0      14        0.0%
BITSFR14             0      0       0      15        0.0%
SFR14                0      0       0      15        0.0%
BITSFR15             0      0       0      16        0.0%
SFR15                0      0       0      16        0.0%
BITSFR16             0      0       0      17        0.0%
SFR16                0      0       0      17        0.0%
BITSFR17             0      0       0      18        0.0%
SFR17                0      0       0      18        0.0%
BITSFR18             0      0       0      19        0.0%
SFR18                0      0       0      19        0.0%
BITSFR19             0      0       0      20        0.0%
SFR19                0      0       0      20        0.0%
BITSFR20             0      0       0      21        0.0%
SFR20                0      0       0      21        0.0%
BITSFR21             0      0       0      22        0.0%
SFR21                0      0       0      22        0.0%
BITSFR22             0      0       0      23        0.0%
SFR22                0      0       0      23        0.0%
BITSFR23             0      0       0      24        0.0%
SFR23                0      0       0      24        0.0%
BITSFR24             0      0       0      25        0.0%
SFR24                0      0       0      25        0.0%
BITSFR25             0      0       0      26        0.0%
SFR25                0      0       0      26        0.0%
BITSFR26             0      0       0      27        0.0%
SFR26                0      0       0      27        0.0%
BITSFR27             0      0       0      28        0.0%
SFR27                0      0       0      28        0.0%
BITSFR28             0      0       0      29        0.0%
SFR28                0      0       0      29        0.0%
BITSFR29             0      0       0      30        0.0%
SFR29                0      0       0      30        0.0%
BITSFR30             0      0       0      31        0.0%
SFR30                0      0       0      31        0.0%
BITSFR31             0      0       0      32        0.0%
SFR31                0      0       0      32        0.0%


Microchip Technology PIC Macro Assembler V2.00 build -1524193055 
Symbol Table                                                                                   Sun Jul 22 23:18:47 2018

            __CFG_CP$OFF 0000             __CFG_CPD$OFF 0000             __CFG_BORV$LO 0000  
           __CFG_LVP$OFF 0000             __CFG_WRT$OFF 0000                     _main 07FD  
                   btemp 007E                     start 0001            __CFG_IESO$OFF 0000  
                  ?_main 0000            __CFG_WDTE$OFF 0000           __CFG_FCMEN$OFF 0000  
         __CFG_BOREN$OFF 0000                    wtemp0 007E           __CFG_MCLRE$OFF 0000  
        __initialization 07FE             __end_of_main 07FE                   ??_main 0000  
         __CFG_PLLEN$OFF 0000           __CFG_PWRTE$OFF 0000  __end_of__initialization 07FE  
         __pcstackCOMMON 0000               __pmaintext 07FD          __CFG_STVREN$OFF 0000  
   end_of_initialization 07FE         __CFG_FOSC$INTOSC 0000      start_initialization 07FE  
              ___latbits 0000            __size_of_main 0001        __CFG_CLKOUTEN$OFF 0000  
